
*** Running vivado
    with args -log showCPU.vds -m64 -mode batch -messageDb vivado.pb -notrace -source showCPU.tcl

WARNING: Default location for XILINX_VIVADO_HLS not found: 

****** Vivado v2015.2 (64-bit)
  **** SW Build 1266856 on Fri Jun 26 16:35:25 MDT 2015
  **** IP Build 1264090 on Wed Jun 24 14:22:01 MDT 2015
    ** Copyright 1986-2015 Xilinx, Inc. All Rights Reserved.

source showCPU.tcl -notrace
Command: synth_design -top showCPU -part xc7a35tcpg236-1
Starting synth_design
Attempting to get a license for feature 'Synthesis' and/or device 'xc7a35t'
INFO: [Common 17-349] Got license for feature 'Synthesis' and/or device 'xc7a35t'
INFO: [Common 17-1223] The version limit for your license is '2017.03' and will expire in -420 days. A version limit expiration means that, although you may be able to continue to use the current version of tools or IP with this license, you will not be eligible for any updates or new releases.
---------------------------------------------------------------------------------
Starting RTL Elaboration : Time (s): cpu = 00:00:02 ; elapsed = 00:00:03 . Memory (MB): peak = 250.441 ; gain = 37.863
---------------------------------------------------------------------------------
INFO: [Synth 8-638] synthesizing module 'showCPU' [C:/Users/Administrator/Desktop/ECOP-16340158-02/code/CPUBasys_SINGLE/CPUBasys_SINGLE.srcs/sources_1/new/showCPU.v:23]
INFO: [Synth 8-638] synthesizing module 'Debounce' [C:/Users/Administrator/Desktop/ECOP-16340158-02/code/CPUBasys_SINGLE/CPUBasys_SINGLE.srcs/sources_1/new/Debounce.v:23]
INFO: [Synth 8-256] done synthesizing module 'Debounce' (1#1) [C:/Users/Administrator/Desktop/ECOP-16340158-02/code/CPUBasys_SINGLE/CPUBasys_SINGLE.srcs/sources_1/new/Debounce.v:23]
INFO: [Synth 8-638] synthesizing module 'SingleCycleCPUBasys' [C:/Users/Administrator/Desktop/ECOP-16340158-02/code/CPUBasys_SINGLE/CPUBasys_SINGLE.srcs/sources_1/new/SingleCycleCPUBasys.v:23]
INFO: [Synth 8-638] synthesizing module 'pcAdd' [C:/Users/Administrator/Desktop/ECOP-16340158-02/code/CPUBasys_SINGLE/CPUBasys_SINGLE.srcs/sources_1/new/pcAdd.v:23]
INFO: [Synth 8-256] done synthesizing module 'pcAdd' (2#1) [C:/Users/Administrator/Desktop/ECOP-16340158-02/code/CPUBasys_SINGLE/CPUBasys_SINGLE.srcs/sources_1/new/pcAdd.v:23]
INFO: [Synth 8-638] synthesizing module 'PC' [C:/Users/Administrator/Desktop/ECOP-16340158-02/code/CPUBasys_SINGLE/CPUBasys_SINGLE.srcs/sources_1/new/PC.v:23]
INFO: [Synth 8-256] done synthesizing module 'PC' (3#1) [C:/Users/Administrator/Desktop/ECOP-16340158-02/code/CPUBasys_SINGLE/CPUBasys_SINGLE.srcs/sources_1/new/PC.v:23]
INFO: [Synth 8-638] synthesizing module 'InsMEM' [C:/Users/Administrator/Desktop/ECOP-16340158-02/code/CPUBasys_SINGLE/CPUBasys_SINGLE.srcs/sources_1/new/InsMEM.v:24]
INFO: [Synth 8-3876] $readmem data file 'C://Users//Administrator//Desktop//ECOP-16340158-02//code//SingleCycleCPU//romData.txt' is read successfully [C:/Users/Administrator/Desktop/ECOP-16340158-02/code/CPUBasys_SINGLE/CPUBasys_SINGLE.srcs/sources_1/new/InsMEM.v:35]
INFO: [Synth 8-256] done synthesizing module 'InsMEM' (4#1) [C:/Users/Administrator/Desktop/ECOP-16340158-02/code/CPUBasys_SINGLE/CPUBasys_SINGLE.srcs/sources_1/new/InsMEM.v:24]
INFO: [Synth 8-638] synthesizing module 'InstructionCut' [C:/Users/Administrator/Desktop/ECOP-16340158-02/code/CPUBasys_SINGLE/CPUBasys_SINGLE.srcs/sources_1/new/InstructionCut.v:23]
INFO: [Synth 8-256] done synthesizing module 'InstructionCut' (5#1) [C:/Users/Administrator/Desktop/ECOP-16340158-02/code/CPUBasys_SINGLE/CPUBasys_SINGLE.srcs/sources_1/new/InstructionCut.v:23]
INFO: [Synth 8-638] synthesizing module 'ControlUnit' [C:/Users/Administrator/Desktop/ECOP-16340158-02/code/CPUBasys_SINGLE/CPUBasys_SINGLE.srcs/sources_1/new/ControlUnit.v:23]
INFO: [Synth 8-155] case statement is not full and has no default [C:/Users/Administrator/Desktop/ECOP-16340158-02/code/CPUBasys_SINGLE/CPUBasys_SINGLE.srcs/sources_1/new/ControlUnit.v:56]
INFO: [Synth 8-256] done synthesizing module 'ControlUnit' (6#1) [C:/Users/Administrator/Desktop/ECOP-16340158-02/code/CPUBasys_SINGLE/CPUBasys_SINGLE.srcs/sources_1/new/ControlUnit.v:23]
INFO: [Synth 8-638] synthesizing module 'RegisterFile' [C:/Users/Administrator/Desktop/ECOP-16340158-02/code/CPUBasys_SINGLE/CPUBasys_SINGLE.srcs/sources_1/new/RegisterFile.v:23]
INFO: [Synth 8-256] done synthesizing module 'RegisterFile' (7#1) [C:/Users/Administrator/Desktop/ECOP-16340158-02/code/CPUBasys_SINGLE/CPUBasys_SINGLE.srcs/sources_1/new/RegisterFile.v:23]
INFO: [Synth 8-638] synthesizing module 'ALU' [C:/Users/Administrator/Desktop/ECOP-16340158-02/code/CPUBasys_SINGLE/CPUBasys_SINGLE.srcs/sources_1/new/ALU.v:23]
WARNING: [Synth 8-567] referenced signal 'sa' should be on the sensitivity list [C:/Users/Administrator/Desktop/ECOP-16340158-02/code/CPUBasys_SINGLE/CPUBasys_SINGLE.srcs/sources_1/new/ALU.v:38]
WARNING: [Synth 8-567] referenced signal 'extend' should be on the sensitivity list [C:/Users/Administrator/Desktop/ECOP-16340158-02/code/CPUBasys_SINGLE/CPUBasys_SINGLE.srcs/sources_1/new/ALU.v:38]
INFO: [Synth 8-256] done synthesizing module 'ALU' (8#1) [C:/Users/Administrator/Desktop/ECOP-16340158-02/code/CPUBasys_SINGLE/CPUBasys_SINGLE.srcs/sources_1/new/ALU.v:23]
INFO: [Synth 8-638] synthesizing module 'DataMEM' [C:/Users/Administrator/Desktop/ECOP-16340158-02/code/CPUBasys_SINGLE/CPUBasys_SINGLE.srcs/sources_1/new/DataMEM.v:24]
WARNING: [Synth 8-567] referenced signal 'ram' should be on the sensitivity list [C:/Users/Administrator/Desktop/ECOP-16340158-02/code/CPUBasys_SINGLE/CPUBasys_SINGLE.srcs/sources_1/new/DataMEM.v:48]
WARNING: [Synth 8-567] referenced signal 'mWR' should be on the sensitivity list [C:/Users/Administrator/Desktop/ECOP-16340158-02/code/CPUBasys_SINGLE/CPUBasys_SINGLE.srcs/sources_1/new/DataMEM.v:60]
WARNING: [Synth 8-567] referenced signal 'DataIn' should be on the sensitivity list [C:/Users/Administrator/Desktop/ECOP-16340158-02/code/CPUBasys_SINGLE/CPUBasys_SINGLE.srcs/sources_1/new/DataMEM.v:60]
INFO: [Synth 8-256] done synthesizing module 'DataMEM' (9#1) [C:/Users/Administrator/Desktop/ECOP-16340158-02/code/CPUBasys_SINGLE/CPUBasys_SINGLE.srcs/sources_1/new/DataMEM.v:24]
INFO: [Synth 8-638] synthesizing module 'SignZeroExtend' [C:/Users/Administrator/Desktop/ECOP-16340158-02/code/CPUBasys_SINGLE/CPUBasys_SINGLE.srcs/sources_1/new/SignZeroExtend.v:23]
INFO: [Synth 8-256] done synthesizing module 'SignZeroExtend' (10#1) [C:/Users/Administrator/Desktop/ECOP-16340158-02/code/CPUBasys_SINGLE/CPUBasys_SINGLE.srcs/sources_1/new/SignZeroExtend.v:23]
INFO: [Synth 8-256] done synthesizing module 'SingleCycleCPUBasys' (11#1) [C:/Users/Administrator/Desktop/ECOP-16340158-02/code/CPUBasys_SINGLE/CPUBasys_SINGLE.srcs/sources_1/new/SingleCycleCPUBasys.v:23]
INFO: [Synth 8-226] default block is never used [C:/Users/Administrator/Desktop/ECOP-16340158-02/code/CPUBasys_SINGLE/CPUBasys_SINGLE.srcs/sources_1/new/showCPU.v:144]
INFO: [Synth 8-256] done synthesizing module 'showCPU' (12#1) [C:/Users/Administrator/Desktop/ECOP-16340158-02/code/CPUBasys_SINGLE/CPUBasys_SINGLE.srcs/sources_1/new/showCPU.v:23]
---------------------------------------------------------------------------------
Finished RTL Elaboration : Time (s): cpu = 00:00:03 ; elapsed = 00:00:04 . Memory (MB): peak = 284.652 ; gain = 72.074
---------------------------------------------------------------------------------

Report Check Netlist: 
+------+------------------+-------+---------+-------+------------------+
|      |Item              |Errors |Warnings |Status |Description       |
+------+------------------+-------+---------+-------+------------------+
|1     |multi_driven_nets |      0|        0|Passed |Multi driven nets |
+------+------------------+-------+---------+-------+------------------+
---------------------------------------------------------------------------------
Finished RTL Optimization Phase 1 : Time (s): cpu = 00:00:03 ; elapsed = 00:00:04 . Memory (MB): peak = 284.652 ; gain = 72.074
---------------------------------------------------------------------------------
INFO: [Device 21-403] Loading part xc7a35tcpg236-1
INFO: [Project 1-570] Preparing netlist for logic optimization

Processing XDC Constraints
Initializing timing engine
Parsing XDC File [C:/Users/Administrator/Desktop/ECOP-16340158-02/code/CPUBasys_SINGLE/CPUBasys_SINGLE.srcs/constrs_1/new/cpu.xdc]
Finished Parsing XDC File [C:/Users/Administrator/Desktop/ECOP-16340158-02/code/CPUBasys_SINGLE/CPUBasys_SINGLE.srcs/constrs_1/new/cpu.xdc]
Completed Processing XDC Constraints

INFO: [Project 1-111] Unisim Transformation Summary:
No Unisim elements were transformed.

Constraint Validation Runtime : Time (s): cpu = 00:00:00 ; elapsed = 00:00:00.002 . Memory (MB): peak = 591.590 ; gain = 0.000
---------------------------------------------------------------------------------
Finished Constraint Validation : Time (s): cpu = 00:00:08 ; elapsed = 00:00:09 . Memory (MB): peak = 591.590 ; gain = 379.012
---------------------------------------------------------------------------------
---------------------------------------------------------------------------------
Start Loading Part and Timing Information
---------------------------------------------------------------------------------
Loading part: xc7a35tcpg236-1
---------------------------------------------------------------------------------
Finished Loading Part and Timing Information : Time (s): cpu = 00:00:08 ; elapsed = 00:00:09 . Memory (MB): peak = 591.590 ; gain = 379.012
---------------------------------------------------------------------------------
---------------------------------------------------------------------------------
Start Applying 'set_property' XDC Constraints
---------------------------------------------------------------------------------
---------------------------------------------------------------------------------
Finished applying 'set_property' XDC Constraints : Time (s): cpu = 00:00:08 ; elapsed = 00:00:09 . Memory (MB): peak = 591.590 ; gain = 379.012
---------------------------------------------------------------------------------
INFO: [Synth 8-5546] ROM "rom" won't be mapped to RAM because it is too sparse
INFO: [Synth 8-5546] ROM "rom" won't be mapped to RAM because it is too sparse
INFO: [Synth 8-5546] ROM "rom" won't be mapped to RAM because it is too sparse
INFO: [Synth 8-5546] ROM "rom" won't be mapped to RAM because it is too sparse
INFO: [Synth 8-5546] ROM "PCWre0" won't be mapped to RAM because it is too sparse
INFO: [Synth 8-5546] ROM "mRD0" won't be mapped to RAM because it is too sparse
INFO: [Synth 8-5546] ROM "mWR0" won't be mapped to RAM because it is too sparse
INFO: [Synth 8-5546] ROM "ExtSel" won't be mapped to RAM because it is too sparse
INFO: [Synth 8-5545] ROM "zero0" won't be mapped to RAM because address size (32) is larger than maximum supported(18)
INFO: [Synth 8-5545] ROM "ram_reg[0]" won't be mapped to RAM because address size (32) is larger than maximum supported(18)
INFO: [Synth 8-5545] ROM "ram_reg[0]" won't be mapped to RAM because address size (32) is larger than maximum supported(18)
INFO: [Synth 8-5545] ROM "ram_reg[0]" won't be mapped to RAM because address size (32) is larger than maximum supported(18)
INFO: [Synth 8-5545] ROM "ram_reg[0]" won't be mapped to RAM because address size (32) is larger than maximum supported(18)
INFO: [Synth 8-5545] ROM "ram_reg[1]" won't be mapped to RAM because address size (32) is larger than maximum supported(18)
INFO: [Synth 8-5545] ROM "ram_reg[1]" won't be mapped to RAM because address size (32) is larger than maximum supported(18)
INFO: [Synth 8-5545] ROM "ram_reg[1]" won't be mapped to RAM because address size (32) is larger than maximum supported(18)
INFO: [Synth 8-5545] ROM "ram_reg[1]" won't be mapped to RAM because address size (32) is larger than maximum supported(18)
INFO: [Synth 8-5545] ROM "ram_reg[2]" won't be mapped to RAM because address size (32) is larger than maximum supported(18)
INFO: [Synth 8-5545] ROM "ram_reg[2]" won't be mapped to RAM because address size (32) is larger than maximum supported(18)
INFO: [Synth 8-5545] ROM "ram_reg[2]" won't be mapped to RAM because address size (32) is larger than maximum supported(18)
INFO: [Synth 8-5545] ROM "ram_reg[2]" won't be mapped to RAM because address size (32) is larger than maximum supported(18)
INFO: [Synth 8-5545] ROM "ram_reg[3]" won't be mapped to RAM because address size (32) is larger than maximum supported(18)
INFO: [Synth 8-5545] ROM "ram_reg[3]" won't be mapped to RAM because address size (32) is larger than maximum supported(18)
INFO: [Synth 8-5545] ROM "ram_reg[3]" won't be mapped to RAM because address size (32) is larger than maximum supported(18)
INFO: [Synth 8-5545] ROM "ram_reg[3]" won't be mapped to RAM because address size (32) is larger than maximum supported(18)
INFO: [Synth 8-5545] ROM "ram_reg[4]" won't be mapped to RAM because address size (32) is larger than maximum supported(18)
INFO: [Synth 8-5545] ROM "ram_reg[4]" won't be mapped to RAM because address size (32) is larger than maximum supported(18)
INFO: [Synth 8-5545] ROM "ram_reg[4]" won't be mapped to RAM because address size (32) is larger than maximum supported(18)
INFO: [Synth 8-5545] ROM "ram_reg[4]" won't be mapped to RAM because address size (32) is larger than maximum supported(18)
INFO: [Synth 8-5545] ROM "ram_reg[5]" won't be mapped to RAM because address size (32) is larger than maximum supported(18)
INFO: [Synth 8-5545] ROM "ram_reg[5]" won't be mapped to RAM because address size (32) is larger than maximum supported(18)
INFO: [Synth 8-5545] ROM "ram_reg[5]" won't be mapped to RAM because address size (32) is larger than maximum supported(18)
INFO: [Synth 8-5545] ROM "ram_reg[5]" won't be mapped to RAM because address size (32) is larger than maximum supported(18)
INFO: [Synth 8-5545] ROM "ram_reg[6]" won't be mapped to RAM because address size (32) is larger than maximum supported(18)
INFO: [Synth 8-5545] ROM "ram_reg[6]" won't be mapped to RAM because address size (32) is larger than maximum supported(18)
INFO: [Synth 8-5545] ROM "ram_reg[6]" won't be mapped to RAM because address size (32) is larger than maximum supported(18)
INFO: [Synth 8-5545] ROM "ram_reg[6]" won't be mapped to RAM because address size (32) is larger than maximum supported(18)
INFO: [Synth 8-5545] ROM "ram_reg[7]" won't be mapped to RAM because address size (32) is larger than maximum supported(18)
INFO: [Synth 8-5545] ROM "ram_reg[7]" won't be mapped to RAM because address size (32) is larger than maximum supported(18)
INFO: [Synth 8-5545] ROM "ram_reg[7]" won't be mapped to RAM because address size (32) is larger than maximum supported(18)
INFO: [Synth 8-5545] ROM "ram_reg[7]" won't be mapped to RAM because address size (32) is larger than maximum supported(18)
INFO: [Synth 8-5545] ROM "ram_reg[8]" won't be mapped to RAM because address size (32) is larger than maximum supported(18)
INFO: [Synth 8-5545] ROM "ram_reg[8]" won't be mapped to RAM because address size (32) is larger than maximum supported(18)
INFO: [Synth 8-5545] ROM "ram_reg[8]" won't be mapped to RAM because address size (32) is larger than maximum supported(18)
INFO: [Synth 8-5545] ROM "ram_reg[8]" won't be mapped to RAM because address size (32) is larger than maximum supported(18)
INFO: [Synth 8-5545] ROM "ram_reg[9]" won't be mapped to RAM because address size (32) is larger than maximum supported(18)
INFO: [Synth 8-5545] ROM "ram_reg[9]" won't be mapped to RAM because address size (32) is larger than maximum supported(18)
INFO: [Synth 8-5545] ROM "ram_reg[9]" won't be mapped to RAM because address size (32) is larger than maximum supported(18)
INFO: [Synth 8-5545] ROM "ram_reg[9]" won't be mapped to RAM because address size (32) is larger than maximum supported(18)
INFO: [Synth 8-5545] ROM "ram_reg[10]" won't be mapped to RAM because address size (32) is larger than maximum supported(18)
INFO: [Synth 8-5545] ROM "ram_reg[10]" won't be mapped to RAM because address size (32) is larger than maximum supported(18)
INFO: [Synth 8-5545] ROM "ram_reg[10]" won't be mapped to RAM because address size (32) is larger than maximum supported(18)
INFO: [Synth 8-5545] ROM "ram_reg[10]" won't be mapped to RAM because address size (32) is larger than maximum supported(18)
INFO: [Synth 8-5545] ROM "ram_reg[11]" won't be mapped to RAM because address size (32) is larger than maximum supported(18)
INFO: [Synth 8-5545] ROM "ram_reg[11]" won't be mapped to RAM because address size (32) is larger than maximum supported(18)
INFO: [Synth 8-5545] ROM "ram_reg[11]" won't be mapped to RAM because address size (32) is larger than maximum supported(18)
INFO: [Synth 8-5545] ROM "ram_reg[11]" won't be mapped to RAM because address size (32) is larger than maximum supported(18)
INFO: [Synth 8-5545] ROM "ram_reg[12]" won't be mapped to RAM because address size (32) is larger than maximum supported(18)
INFO: [Synth 8-5545] ROM "ram_reg[12]" won't be mapped to RAM because address size (32) is larger than maximum supported(18)
INFO: [Synth 8-5545] ROM "ram_reg[12]" won't be mapped to RAM because address size (32) is larger than maximum supported(18)
INFO: [Synth 8-5545] ROM "ram_reg[12]" won't be mapped to RAM because address size (32) is larger than maximum supported(18)
INFO: [Synth 8-5545] ROM "ram_reg[13]" won't be mapped to RAM because address size (32) is larger than maximum supported(18)
INFO: [Synth 8-5545] ROM "ram_reg[13]" won't be mapped to RAM because address size (32) is larger than maximum supported(18)
INFO: [Synth 8-5545] ROM "ram_reg[13]" won't be mapped to RAM because address size (32) is larger than maximum supported(18)
INFO: [Synth 8-5545] ROM "ram_reg[13]" won't be mapped to RAM because address size (32) is larger than maximum supported(18)
INFO: [Synth 8-5545] ROM "ram_reg[14]" won't be mapped to RAM because address size (32) is larger than maximum supported(18)
INFO: [Synth 8-5545] ROM "ram_reg[14]" won't be mapped to RAM because address size (32) is larger than maximum supported(18)
INFO: [Synth 8-5545] ROM "ram_reg[14]" won't be mapped to RAM because address size (32) is larger than maximum supported(18)
INFO: [Synth 8-5545] ROM "ram_reg[14]" won't be mapped to RAM because address size (32) is larger than maximum supported(18)
INFO: [Synth 8-5545] ROM "ram_reg[15]" won't be mapped to RAM because address size (32) is larger than maximum supported(18)
INFO: [Synth 8-5545] ROM "ram_reg[15]" won't be mapped to RAM because address size (32) is larger than maximum supported(18)
INFO: [Synth 8-5545] ROM "ram_reg[15]" won't be mapped to RAM because address size (32) is larger than maximum supported(18)
INFO: [Synth 8-5545] ROM "ram_reg[15]" won't be mapped to RAM because address size (32) is larger than maximum supported(18)
INFO: [Synth 8-5545] ROM "ram_reg[16]" won't be mapped to RAM because address size (32) is larger than maximum supported(18)
INFO: [Synth 8-5545] ROM "ram_reg[16]" won't be mapped to RAM because address size (32) is larger than maximum supported(18)
INFO: [Synth 8-5545] ROM "ram_reg[16]" won't be mapped to RAM because address size (32) is larger than maximum supported(18)
INFO: [Synth 8-5545] ROM "ram_reg[16]" won't be mapped to RAM because address size (32) is larger than maximum supported(18)
INFO: [Synth 8-5545] ROM "ram_reg[17]" won't be mapped to RAM because address size (32) is larger than maximum supported(18)
INFO: [Synth 8-5545] ROM "ram_reg[17]" won't be mapped to RAM because address size (32) is larger than maximum supported(18)
INFO: [Synth 8-5545] ROM "ram_reg[17]" won't be mapped to RAM because address size (32) is larger than maximum supported(18)
INFO: [Synth 8-5545] ROM "ram_reg[17]" won't be mapped to RAM because address size (32) is larger than maximum supported(18)
INFO: [Synth 8-5545] ROM "ram_reg[18]" won't be mapped to RAM because address size (32) is larger than maximum supported(18)
INFO: [Synth 8-5545] ROM "ram_reg[18]" won't be mapped to RAM because address size (32) is larger than maximum supported(18)
INFO: [Synth 8-5545] ROM "ram_reg[18]" won't be mapped to RAM because address size (32) is larger than maximum supported(18)
INFO: [Synth 8-5545] ROM "ram_reg[18]" won't be mapped to RAM because address size (32) is larger than maximum supported(18)
INFO: [Synth 8-5545] ROM "ram_reg[19]" won't be mapped to RAM because address size (32) is larger than maximum supported(18)
INFO: [Synth 8-5545] ROM "ram_reg[19]" won't be mapped to RAM because address size (32) is larger than maximum supported(18)
INFO: [Synth 8-5545] ROM "ram_reg[19]" won't be mapped to RAM because address size (32) is larger than maximum supported(18)
INFO: [Synth 8-5545] ROM "ram_reg[19]" won't be mapped to RAM because address size (32) is larger than maximum supported(18)
INFO: [Synth 8-5545] ROM "ram_reg[20]" won't be mapped to RAM because address size (32) is larger than maximum supported(18)
INFO: [Synth 8-5545] ROM "ram_reg[20]" won't be mapped to RAM because address size (32) is larger than maximum supported(18)
INFO: [Synth 8-5545] ROM "ram_reg[20]" won't be mapped to RAM because address size (32) is larger than maximum supported(18)
INFO: [Synth 8-5545] ROM "ram_reg[20]" won't be mapped to RAM because address size (32) is larger than maximum supported(18)
INFO: [Synth 8-5545] ROM "ram_reg[21]" won't be mapped to RAM because address size (32) is larger than maximum supported(18)
INFO: [Synth 8-5545] ROM "ram_reg[21]" won't be mapped to RAM because address size (32) is larger than maximum supported(18)
INFO: [Synth 8-5545] ROM "ram_reg[21]" won't be mapped to RAM because address size (32) is larger than maximum supported(18)
INFO: [Synth 8-5545] ROM "ram_reg[21]" won't be mapped to RAM because address size (32) is larger than maximum supported(18)
INFO: [Synth 8-5545] ROM "ram_reg[22]" won't be mapped to RAM because address size (32) is larger than maximum supported(18)
INFO: [Synth 8-5545] ROM "ram_reg[22]" won't be mapped to RAM because address size (32) is larger than maximum supported(18)
INFO: [Synth 8-5545] ROM "ram_reg[22]" won't be mapped to RAM because address size (32) is larger than maximum supported(18)
INFO: [Synth 8-5545] ROM "ram_reg[22]" won't be mapped to RAM because address size (32) is larger than maximum supported(18)
INFO: [Synth 8-5545] ROM "ram_reg[23]" won't be mapped to RAM because address size (32) is larger than maximum supported(18)
INFO: [Synth 8-5545] ROM "ram_reg[23]" won't be mapped to RAM because address size (32) is larger than maximum supported(18)
INFO: [Synth 8-5545] ROM "ram_reg[23]" won't be mapped to RAM because address size (32) is larger than maximum supported(18)
INFO: [Synth 8-5545] ROM "ram_reg[23]" won't be mapped to RAM because address size (32) is larger than maximum supported(18)
INFO: [Synth 8-5545] ROM "ram_reg[24]" won't be mapped to RAM because address size (32) is larger than maximum supported(18)
INFO: [Synth 8-5545] ROM "ram_reg[24]" won't be mapped to RAM because address size (32) is larger than maximum supported(18)
INFO: [Synth 8-5545] ROM "ram_reg[24]" won't be mapped to RAM because address size (32) is larger than maximum supported(18)
INFO: [Common 17-14] Message 'Synth 8-5545' appears 100 times and further instances of the messages will be disabled. Use the Tcl command set_msg_config to change the current settings.
WARNING: [Synth 8-327] inferring latch for variable 'IDataOut_reg' [C:/Users/Administrator/Desktop/ECOP-16340158-02/code/CPUBasys_SINGLE/CPUBasys_SINGLE.srcs/sources_1/new/InsMEM.v:44]
WARNING: [Synth 8-327] inferring latch for variable 'IDataOut_reg' [C:/Users/Administrator/Desktop/ECOP-16340158-02/code/CPUBasys_SINGLE/CPUBasys_SINGLE.srcs/sources_1/new/InsMEM.v:44]
WARNING: [Synth 8-327] inferring latch for variable 'IDataOut_reg' [C:/Users/Administrator/Desktop/ECOP-16340158-02/code/CPUBasys_SINGLE/CPUBasys_SINGLE.srcs/sources_1/new/InsMEM.v:44]
WARNING: [Synth 8-327] inferring latch for variable 'IDataOut_reg' [C:/Users/Administrator/Desktop/ECOP-16340158-02/code/CPUBasys_SINGLE/CPUBasys_SINGLE.srcs/sources_1/new/InsMEM.v:44]
WARNING: [Synth 8-327] inferring latch for variable 'ExtSel_reg' [C:/Users/Administrator/Desktop/ECOP-16340158-02/code/CPUBasys_SINGLE/CPUBasys_SINGLE.srcs/sources_1/new/ControlUnit.v:60]
WARNING: [Synth 8-327] inferring latch for variable 'RegDst_reg' [C:/Users/Administrator/Desktop/ECOP-16340158-02/code/CPUBasys_SINGLE/CPUBasys_SINGLE.srcs/sources_1/new/ControlUnit.v:61]
WARNING: [Synth 8-327] inferring latch for variable 'RegWre_reg' [C:/Users/Administrator/Desktop/ECOP-16340158-02/code/CPUBasys_SINGLE/CPUBasys_SINGLE.srcs/sources_1/new/ControlUnit.v:62]
WARNING: [Synth 8-327] inferring latch for variable 'ALUSrcA_reg' [C:/Users/Administrator/Desktop/ECOP-16340158-02/code/CPUBasys_SINGLE/CPUBasys_SINGLE.srcs/sources_1/new/ControlUnit.v:63]
WARNING: [Synth 8-327] inferring latch for variable 'ALUSrcB_reg' [C:/Users/Administrator/Desktop/ECOP-16340158-02/code/CPUBasys_SINGLE/CPUBasys_SINGLE.srcs/sources_1/new/ControlUnit.v:64]
WARNING: [Synth 8-327] inferring latch for variable 'PCSrc_reg' [C:/Users/Administrator/Desktop/ECOP-16340158-02/code/CPUBasys_SINGLE/CPUBasys_SINGLE.srcs/sources_1/new/ControlUnit.v:65]
WARNING: [Synth 8-327] inferring latch for variable 'ALUOp_reg' [C:/Users/Administrator/Desktop/ECOP-16340158-02/code/CPUBasys_SINGLE/CPUBasys_SINGLE.srcs/sources_1/new/ControlUnit.v:66]
WARNING: [Synth 8-327] inferring latch for variable 'ram_reg[0]' [C:/Users/Administrator/Desktop/ECOP-16340158-02/code/CPUBasys_SINGLE/CPUBasys_SINGLE.srcs/sources_1/new/DataMEM.v:65]
WARNING: [Synth 8-327] inferring latch for variable 'ram_reg[1]' [C:/Users/Administrator/Desktop/ECOP-16340158-02/code/CPUBasys_SINGLE/CPUBasys_SINGLE.srcs/sources_1/new/DataMEM.v:65]
WARNING: [Synth 8-327] inferring latch for variable 'ram_reg[2]' [C:/Users/Administrator/Desktop/ECOP-16340158-02/code/CPUBasys_SINGLE/CPUBasys_SINGLE.srcs/sources_1/new/DataMEM.v:65]
WARNING: [Synth 8-327] inferring latch for variable 'ram_reg[3]' [C:/Users/Administrator/Desktop/ECOP-16340158-02/code/CPUBasys_SINGLE/CPUBasys_SINGLE.srcs/sources_1/new/DataMEM.v:65]
WARNING: [Synth 8-327] inferring latch for variable 'ram_reg[4]' [C:/Users/Administrator/Desktop/ECOP-16340158-02/code/CPUBasys_SINGLE/CPUBasys_SINGLE.srcs/sources_1/new/DataMEM.v:65]
WARNING: [Synth 8-327] inferring latch for variable 'ram_reg[5]' [C:/Users/Administrator/Desktop/ECOP-16340158-02/code/CPUBasys_SINGLE/CPUBasys_SINGLE.srcs/sources_1/new/DataMEM.v:65]
WARNING: [Synth 8-327] inferring latch for variable 'ram_reg[6]' [C:/Users/Administrator/Desktop/ECOP-16340158-02/code/CPUBasys_SINGLE/CPUBasys_SINGLE.srcs/sources_1/new/DataMEM.v:65]
WARNING: [Synth 8-327] inferring latch for variable 'ram_reg[7]' [C:/Users/Administrator/Desktop/ECOP-16340158-02/code/CPUBasys_SINGLE/CPUBasys_SINGLE.srcs/sources_1/new/DataMEM.v:65]
WARNING: [Synth 8-327] inferring latch for variable 'ram_reg[8]' [C:/Users/Administrator/Desktop/ECOP-16340158-02/code/CPUBasys_SINGLE/CPUBasys_SINGLE.srcs/sources_1/new/DataMEM.v:65]
WARNING: [Synth 8-327] inferring latch for variable 'ram_reg[9]' [C:/Users/Administrator/Desktop/ECOP-16340158-02/code/CPUBasys_SINGLE/CPUBasys_SINGLE.srcs/sources_1/new/DataMEM.v:65]
WARNING: [Synth 8-327] inferring latch for variable 'ram_reg[10]' [C:/Users/Administrator/Desktop/ECOP-16340158-02/code/CPUBasys_SINGLE/CPUBasys_SINGLE.srcs/sources_1/new/DataMEM.v:65]
WARNING: [Synth 8-327] inferring latch for variable 'ram_reg[11]' [C:/Users/Administrator/Desktop/ECOP-16340158-02/code/CPUBasys_SINGLE/CPUBasys_SINGLE.srcs/sources_1/new/DataMEM.v:65]
WARNING: [Synth 8-327] inferring latch for variable 'ram_reg[12]' [C:/Users/Administrator/Desktop/ECOP-16340158-02/code/CPUBasys_SINGLE/CPUBasys_SINGLE.srcs/sources_1/new/DataMEM.v:65]
WARNING: [Synth 8-327] inferring latch for variable 'ram_reg[13]' [C:/Users/Administrator/Desktop/ECOP-16340158-02/code/CPUBasys_SINGLE/CPUBasys_SINGLE.srcs/sources_1/new/DataMEM.v:65]
WARNING: [Synth 8-327] inferring latch for variable 'ram_reg[14]' [C:/Users/Administrator/Desktop/ECOP-16340158-02/code/CPUBasys_SINGLE/CPUBasys_SINGLE.srcs/sources_1/new/DataMEM.v:65]
WARNING: [Synth 8-327] inferring latch for variable 'ram_reg[15]' [C:/Users/Administrator/Desktop/ECOP-16340158-02/code/CPUBasys_SINGLE/CPUBasys_SINGLE.srcs/sources_1/new/DataMEM.v:65]
WARNING: [Synth 8-327] inferring latch for variable 'ram_reg[16]' [C:/Users/Administrator/Desktop/ECOP-16340158-02/code/CPUBasys_SINGLE/CPUBasys_SINGLE.srcs/sources_1/new/DataMEM.v:65]
WARNING: [Synth 8-327] inferring latch for variable 'ram_reg[17]' [C:/Users/Administrator/Desktop/ECOP-16340158-02/code/CPUBasys_SINGLE/CPUBasys_SINGLE.srcs/sources_1/new/DataMEM.v:65]
WARNING: [Synth 8-327] inferring latch for variable 'ram_reg[18]' [C:/Users/Administrator/Desktop/ECOP-16340158-02/code/CPUBasys_SINGLE/CPUBasys_SINGLE.srcs/sources_1/new/DataMEM.v:65]
WARNING: [Synth 8-327] inferring latch for variable 'ram_reg[19]' [C:/Users/Administrator/Desktop/ECOP-16340158-02/code/CPUBasys_SINGLE/CPUBasys_SINGLE.srcs/sources_1/new/DataMEM.v:65]
WARNING: [Synth 8-327] inferring latch for variable 'ram_reg[20]' [C:/Users/Administrator/Desktop/ECOP-16340158-02/code/CPUBasys_SINGLE/CPUBasys_SINGLE.srcs/sources_1/new/DataMEM.v:65]
WARNING: [Synth 8-327] inferring latch for variable 'ram_reg[21]' [C:/Users/Administrator/Desktop/ECOP-16340158-02/code/CPUBasys_SINGLE/CPUBasys_SINGLE.srcs/sources_1/new/DataMEM.v:65]
WARNING: [Synth 8-327] inferring latch for variable 'ram_reg[22]' [C:/Users/Administrator/Desktop/ECOP-16340158-02/code/CPUBasys_SINGLE/CPUBasys_SINGLE.srcs/sources_1/new/DataMEM.v:65]
WARNING: [Synth 8-327] inferring latch for variable 'ram_reg[23]' [C:/Users/Administrator/Desktop/ECOP-16340158-02/code/CPUBasys_SINGLE/CPUBasys_SINGLE.srcs/sources_1/new/DataMEM.v:65]
WARNING: [Synth 8-327] inferring latch for variable 'ram_reg[24]' [C:/Users/Administrator/Desktop/ECOP-16340158-02/code/CPUBasys_SINGLE/CPUBasys_SINGLE.srcs/sources_1/new/DataMEM.v:65]
WARNING: [Synth 8-327] inferring latch for variable 'ram_reg[25]' [C:/Users/Administrator/Desktop/ECOP-16340158-02/code/CPUBasys_SINGLE/CPUBasys_SINGLE.srcs/sources_1/new/DataMEM.v:65]
WARNING: [Synth 8-327] inferring latch for variable 'ram_reg[26]' [C:/Users/Administrator/Desktop/ECOP-16340158-02/code/CPUBasys_SINGLE/CPUBasys_SINGLE.srcs/sources_1/new/DataMEM.v:65]
WARNING: [Synth 8-327] inferring latch for variable 'ram_reg[27]' [C:/Users/Administrator/Desktop/ECOP-16340158-02/code/CPUBasys_SINGLE/CPUBasys_SINGLE.srcs/sources_1/new/DataMEM.v:65]
WARNING: [Synth 8-327] inferring latch for variable 'ram_reg[28]' [C:/Users/Administrator/Desktop/ECOP-16340158-02/code/CPUBasys_SINGLE/CPUBasys_SINGLE.srcs/sources_1/new/DataMEM.v:65]
WARNING: [Synth 8-327] inferring latch for variable 'ram_reg[29]' [C:/Users/Administrator/Desktop/ECOP-16340158-02/code/CPUBasys_SINGLE/CPUBasys_SINGLE.srcs/sources_1/new/DataMEM.v:65]
WARNING: [Synth 8-327] inferring latch for variable 'ram_reg[30]' [C:/Users/Administrator/Desktop/ECOP-16340158-02/code/CPUBasys_SINGLE/CPUBasys_SINGLE.srcs/sources_1/new/DataMEM.v:65]
WARNING: [Synth 8-327] inferring latch for variable 'ram_reg[31]' [C:/Users/Administrator/Desktop/ECOP-16340158-02/code/CPUBasys_SINGLE/CPUBasys_SINGLE.srcs/sources_1/new/DataMEM.v:65]
---------------------------------------------------------------------------------
Finished RTL Optimization Phase 2 : Time (s): cpu = 00:00:09 ; elapsed = 00:00:10 . Memory (MB): peak = 591.590 ; gain = 379.012
---------------------------------------------------------------------------------

Report RTL Partitions: 
+-+--------------+------------+----------+
| |RTL Partition |Replication |Instances |
+-+--------------+------------+----------+
+-+--------------+------------+----------+
---------------------------------------------------------------------------------
Start RTL Component Statistics 
---------------------------------------------------------------------------------
Detailed RTL Component Info : 
+---Adders : 
	   2 Input     32 Bit       Adders := 9     
	   3 Input     32 Bit       Adders := 1     
	   2 Input      5 Bit       Adders := 3     
+---XORs : 
	   2 Input     32 Bit         XORs := 1     
+---Registers : 
	               32 Bit    Registers := 1     
	                1 Bit    Registers := 3     
+---RAMs : 
	             1024 Bit         RAMs := 1     
+---Muxes : 
	   4 Input     32 Bit        Muxes := 1     
	   2 Input     32 Bit        Muxes := 4     
	   2 Input     16 Bit        Muxes := 1     
	  69 Input      8 Bit        Muxes := 4     
	   2 Input      8 Bit        Muxes := 96    
	  16 Input      7 Bit        Muxes := 1     
	   2 Input      5 Bit        Muxes := 1     
	   4 Input      4 Bit        Muxes := 2     
	   2 Input      4 Bit        Muxes := 12    
	  15 Input      3 Bit        Muxes := 1     
	   2 Input      2 Bit        Muxes := 3     
	  15 Input      2 Bit        Muxes := 1     
	   4 Input      1 Bit        Muxes := 1     
	  15 Input      1 Bit        Muxes := 6     
	   2 Input      1 Bit        Muxes := 1     
	   5 Input      1 Bit        Muxes := 32    
---------------------------------------------------------------------------------
Finished RTL Component Statistics 
---------------------------------------------------------------------------------
---------------------------------------------------------------------------------
Start RTL Hierarchical Component Statistics 
---------------------------------------------------------------------------------
Hierarchical RTL Component report 
Module showCPU 
Detailed RTL Component Info : 
+---Muxes : 
	  16 Input      7 Bit        Muxes := 1     
	   4 Input      4 Bit        Muxes := 2     
	   2 Input      4 Bit        Muxes := 12    
Module Debounce 
Detailed RTL Component Info : 
+---Registers : 
	                1 Bit    Registers := 3     
Module pcAdd 
Detailed RTL Component Info : 
+---Adders : 
	   2 Input     32 Bit       Adders := 2     
+---Muxes : 
	   4 Input     32 Bit        Muxes := 1     
	   4 Input      1 Bit        Muxes := 1     
Module PC 
Detailed RTL Component Info : 
+---Registers : 
	               32 Bit    Registers := 1     
Module InsMEM 
Detailed RTL Component Info : 
+---Adders : 
	   2 Input     32 Bit       Adders := 3     
+---Muxes : 
	  69 Input      8 Bit        Muxes := 4     
Module ControlUnit 
Detailed RTL Component Info : 
+---Muxes : 
	  15 Input      3 Bit        Muxes := 1     
	   2 Input      2 Bit        Muxes := 3     
	  15 Input      2 Bit        Muxes := 1     
	  15 Input      1 Bit        Muxes := 6     
	   2 Input      1 Bit        Muxes := 1     
Module RegisterFile 
Detailed RTL Component Info : 
+---RAMs : 
	             1024 Bit         RAMs := 1     
Module ALU 
Detailed RTL Component Info : 
+---Adders : 
	   2 Input     32 Bit       Adders := 1     
	   3 Input     32 Bit       Adders := 1     
+---XORs : 
	   2 Input     32 Bit         XORs := 1     
+---Muxes : 
	   2 Input     32 Bit        Muxes := 2     
Module DataMEM 
Detailed RTL Component Info : 
+---Adders : 
	   2 Input     32 Bit       Adders := 3     
	   2 Input      5 Bit       Adders := 3     
+---Muxes : 
	   2 Input     32 Bit        Muxes := 2     
	   2 Input      8 Bit        Muxes := 96    
	   5 Input      1 Bit        Muxes := 32    
Module SignZeroExtend 
Detailed RTL Component Info : 
+---Muxes : 
	   2 Input     16 Bit        Muxes := 1     
Module SingleCycleCPUBasys 
Detailed RTL Component Info : 
+---Muxes : 
	   2 Input      5 Bit        Muxes := 1     
---------------------------------------------------------------------------------
Finished RTL Hierarchical Component Statistics
---------------------------------------------------------------------------------
---------------------------------------------------------------------------------
Start Part Resource Summary
---------------------------------------------------------------------------------
Part Resources:
DSPs: 120 (col length:60)
BRAMs: 150 (col length: RAMB18 60 RAMB36 30)
---------------------------------------------------------------------------------
Finished Part Resource Summary
---------------------------------------------------------------------------------
Start Parallel Synthesis Optimization  : Time (s): cpu = 00:00:09 ; elapsed = 00:00:10 . Memory (MB): peak = 591.590 ; gain = 379.012
---------------------------------------------------------------------------------
Start Cross Boundary Optimization
---------------------------------------------------------------------------------
---------------------------------------------------------------------------------
Finished Cross Boundary Optimization : Time (s): cpu = 00:00:10 ; elapsed = 00:00:11 . Memory (MB): peak = 591.590 ; gain = 379.012
---------------------------------------------------------------------------------
Finished Parallel Reinference  : Time (s): cpu = 00:00:10 ; elapsed = 00:00:11 . Memory (MB): peak = 591.590 ; gain = 379.012

Report RTL Partitions: 
+-+--------------+------------+----------+
| |RTL Partition |Replication |Instances |
+-+--------------+------------+----------+
+-+--------------+------------+----------+
---------------------------------------------------------------------------------
Start ROM, RAM, DSP and Shift Register Reporting
---------------------------------------------------------------------------------

Distributed RAM: 
+------------+----------------------------------------------+-----------+----------------------+---------------+-------------------+
|Module Name | RTL Object                                   | Inference | Size (Depth x Width) | Primitives    | Hierarchical Name | 
+------------+----------------------------------------------+-----------+----------------------+---------------+-------------------+
|showCPU     | SingleCycleCPUBasys/RegisterFile/regFile_reg | Implied   | 32 x 32              | RAM32M x 12   | showCPU/ram__1    | 
+------------+----------------------------------------------+-----------+----------------------+---------------+-------------------+

Note: The table shows the Distributed RAMs at the current stage of the synthesis flow. Some Distributed RAMs may be reimplemented as non Distributed RAM primitives later in the synthesis flow. Multiple instantiated RAMs are reported only once. "Hierarchical Name" reflects the Distributed RAM name as it appears in the hierarchical module and only part of it is displayed.
---------------------------------------------------------------------------------
Finished ROM, RAM, DSP and Shift Register Reporting
---------------------------------------------------------------------------------
WARNING: [Synth 8-3332] Sequential element (\SingleCycleCPUBasys/pcAdd/nextPC_reg[31] ) is unused and will be removed from module showCPU.
WARNING: [Synth 8-3332] Sequential element (\SingleCycleCPUBasys/pcAdd/nextPC_reg[30] ) is unused and will be removed from module showCPU.
WARNING: [Synth 8-3332] Sequential element (\SingleCycleCPUBasys/pcAdd/nextPC_reg[29] ) is unused and will be removed from module showCPU.
WARNING: [Synth 8-3332] Sequential element (\SingleCycleCPUBasys/pcAdd/nextPC_reg[28] ) is unused and will be removed from module showCPU.
WARNING: [Synth 8-3332] Sequential element (\SingleCycleCPUBasys/pcAdd/nextPC_reg[27] ) is unused and will be removed from module showCPU.
WARNING: [Synth 8-3332] Sequential element (\SingleCycleCPUBasys/pcAdd/nextPC_reg[26] ) is unused and will be removed from module showCPU.
WARNING: [Synth 8-3332] Sequential element (\SingleCycleCPUBasys/pcAdd/nextPC_reg[25] ) is unused and will be removed from module showCPU.
WARNING: [Synth 8-3332] Sequential element (\SingleCycleCPUBasys/pcAdd/nextPC_reg[24] ) is unused and will be removed from module showCPU.
WARNING: [Synth 8-3332] Sequential element (\SingleCycleCPUBasys/pcAdd/nextPC_reg[23] ) is unused and will be removed from module showCPU.
WARNING: [Synth 8-3332] Sequential element (\SingleCycleCPUBasys/pcAdd/nextPC_reg[22] ) is unused and will be removed from module showCPU.
WARNING: [Synth 8-3332] Sequential element (\SingleCycleCPUBasys/pcAdd/nextPC_reg[21] ) is unused and will be removed from module showCPU.
WARNING: [Synth 8-3332] Sequential element (\SingleCycleCPUBasys/pcAdd/nextPC_reg[20] ) is unused and will be removed from module showCPU.
WARNING: [Synth 8-3332] Sequential element (\SingleCycleCPUBasys/pcAdd/nextPC_reg[19] ) is unused and will be removed from module showCPU.
WARNING: [Synth 8-3332] Sequential element (\SingleCycleCPUBasys/pcAdd/nextPC_reg[18] ) is unused and will be removed from module showCPU.
WARNING: [Synth 8-3332] Sequential element (\SingleCycleCPUBasys/pcAdd/nextPC_reg[17] ) is unused and will be removed from module showCPU.
WARNING: [Synth 8-3332] Sequential element (\SingleCycleCPUBasys/pcAdd/nextPC_reg[16] ) is unused and will be removed from module showCPU.
WARNING: [Synth 8-3332] Sequential element (\SingleCycleCPUBasys/pcAdd/nextPC_reg[15] ) is unused and will be removed from module showCPU.
WARNING: [Synth 8-3332] Sequential element (\SingleCycleCPUBasys/pcAdd/nextPC_reg[14] ) is unused and will be removed from module showCPU.
WARNING: [Synth 8-3332] Sequential element (\SingleCycleCPUBasys/pcAdd/nextPC_reg[13] ) is unused and will be removed from module showCPU.
WARNING: [Synth 8-3332] Sequential element (\SingleCycleCPUBasys/pcAdd/nextPC_reg[12] ) is unused and will be removed from module showCPU.
WARNING: [Synth 8-3332] Sequential element (\SingleCycleCPUBasys/pcAdd/nextPC_reg[11] ) is unused and will be removed from module showCPU.
WARNING: [Synth 8-3332] Sequential element (\SingleCycleCPUBasys/pcAdd/nextPC_reg[10] ) is unused and will be removed from module showCPU.
WARNING: [Synth 8-3332] Sequential element (\SingleCycleCPUBasys/pcAdd/nextPC_reg[9] ) is unused and will be removed from module showCPU.
WARNING: [Synth 8-3332] Sequential element (\SingleCycleCPUBasys/pcAdd/nextPC_reg[8] ) is unused and will be removed from module showCPU.
WARNING: [Synth 8-3332] Sequential element (\SingleCycleCPUBasys/pcAdd/nextPC_reg[0] ) is unused and will be removed from module showCPU.
WARNING: [Synth 8-3332] Sequential element (\SingleCycleCPUBasys/pcAdd/pc_reg[31] ) is unused and will be removed from module showCPU.
WARNING: [Synth 8-3332] Sequential element (\SingleCycleCPUBasys/pcAdd/pc_reg[30] ) is unused and will be removed from module showCPU.
WARNING: [Synth 8-3332] Sequential element (\SingleCycleCPUBasys/pcAdd/pc_reg[29] ) is unused and will be removed from module showCPU.
WARNING: [Synth 8-3332] Sequential element (\SingleCycleCPUBasys/pcAdd/pc_reg[28] ) is unused and will be removed from module showCPU.
WARNING: [Synth 8-3332] Sequential element (\SingleCycleCPUBasys/pcAdd/pc_reg[27] ) is unused and will be removed from module showCPU.
WARNING: [Synth 8-3332] Sequential element (\SingleCycleCPUBasys/pcAdd/pc_reg[26] ) is unused and will be removed from module showCPU.
WARNING: [Synth 8-3332] Sequential element (\SingleCycleCPUBasys/pcAdd/pc_reg[25] ) is unused and will be removed from module showCPU.
WARNING: [Synth 8-3332] Sequential element (\SingleCycleCPUBasys/pcAdd/pc_reg[24] ) is unused and will be removed from module showCPU.
WARNING: [Synth 8-3332] Sequential element (\SingleCycleCPUBasys/pcAdd/pc_reg[23] ) is unused and will be removed from module showCPU.
WARNING: [Synth 8-3332] Sequential element (\SingleCycleCPUBasys/pcAdd/pc_reg[22] ) is unused and will be removed from module showCPU.
WARNING: [Synth 8-3332] Sequential element (\SingleCycleCPUBasys/pcAdd/pc_reg[21] ) is unused and will be removed from module showCPU.
WARNING: [Synth 8-3332] Sequential element (\SingleCycleCPUBasys/pcAdd/pc_reg[20] ) is unused and will be removed from module showCPU.
WARNING: [Synth 8-3332] Sequential element (\SingleCycleCPUBasys/pcAdd/pc_reg[19] ) is unused and will be removed from module showCPU.
WARNING: [Synth 8-3332] Sequential element (\SingleCycleCPUBasys/pcAdd/pc_reg[18] ) is unused and will be removed from module showCPU.
WARNING: [Synth 8-3332] Sequential element (\SingleCycleCPUBasys/pcAdd/pc_reg[17] ) is unused and will be removed from module showCPU.
WARNING: [Synth 8-3332] Sequential element (\SingleCycleCPUBasys/pcAdd/pc_reg[16] ) is unused and will be removed from module showCPU.
WARNING: [Synth 8-3332] Sequential element (\SingleCycleCPUBasys/pcAdd/pc_reg[15] ) is unused and will be removed from module showCPU.
WARNING: [Synth 8-3332] Sequential element (\SingleCycleCPUBasys/pcAdd/pc_reg[14] ) is unused and will be removed from module showCPU.
WARNING: [Synth 8-3332] Sequential element (\SingleCycleCPUBasys/pcAdd/pc_reg[13] ) is unused and will be removed from module showCPU.
WARNING: [Synth 8-3332] Sequential element (\SingleCycleCPUBasys/pcAdd/pc_reg[12] ) is unused and will be removed from module showCPU.
WARNING: [Synth 8-3332] Sequential element (\SingleCycleCPUBasys/pcAdd/pc_reg[11] ) is unused and will be removed from module showCPU.
WARNING: [Synth 8-3332] Sequential element (\SingleCycleCPUBasys/pcAdd/pc_reg[10] ) is unused and will be removed from module showCPU.
WARNING: [Synth 8-3332] Sequential element (\SingleCycleCPUBasys/pcAdd/pc_reg[9] ) is unused and will be removed from module showCPU.
WARNING: [Synth 8-3332] Sequential element (\SingleCycleCPUBasys/pcAdd/pc_reg[8] ) is unused and will be removed from module showCPU.
WARNING: [Synth 8-3332] Sequential element (\SingleCycleCPUBasys/pcAdd/pc_reg[7] ) is unused and will be removed from module showCPU.
WARNING: [Synth 8-3332] Sequential element (\SingleCycleCPUBasys/pcAdd/pc_reg[6] ) is unused and will be removed from module showCPU.
WARNING: [Synth 8-3332] Sequential element (\SingleCycleCPUBasys/pcAdd/pc_reg[5] ) is unused and will be removed from module showCPU.
WARNING: [Synth 8-3332] Sequential element (\SingleCycleCPUBasys/pcAdd/pc_reg[4] ) is unused and will be removed from module showCPU.
WARNING: [Synth 8-3332] Sequential element (\SingleCycleCPUBasys/pcAdd/pc_reg[3] ) is unused and will be removed from module showCPU.
WARNING: [Synth 8-3332] Sequential element (\SingleCycleCPUBasys/pcAdd/pc_reg[2] ) is unused and will be removed from module showCPU.
WARNING: [Synth 8-3332] Sequential element (\SingleCycleCPUBasys/pcAdd/pc_reg[1] ) is unused and will be removed from module showCPU.
WARNING: [Synth 8-3332] Sequential element (\SingleCycleCPUBasys/pcAdd/pc_reg[0] ) is unused and will be removed from module showCPU.
WARNING: [Synth 8-3332] Sequential element (\SingleCycleCPUBasys/pc/curPC_reg[31] ) is unused and will be removed from module showCPU.
WARNING: [Synth 8-3332] Sequential element (\SingleCycleCPUBasys/pc/curPC_reg[30] ) is unused and will be removed from module showCPU.
WARNING: [Synth 8-3332] Sequential element (\SingleCycleCPUBasys/pc/curPC_reg[29] ) is unused and will be removed from module showCPU.
WARNING: [Synth 8-3332] Sequential element (\SingleCycleCPUBasys/pc/curPC_reg[28] ) is unused and will be removed from module showCPU.
WARNING: [Synth 8-3332] Sequential element (\SingleCycleCPUBasys/pc/curPC_reg[27] ) is unused and will be removed from module showCPU.
WARNING: [Synth 8-3332] Sequential element (\SingleCycleCPUBasys/pc/curPC_reg[26] ) is unused and will be removed from module showCPU.
WARNING: [Synth 8-3332] Sequential element (\SingleCycleCPUBasys/pc/curPC_reg[25] ) is unused and will be removed from module showCPU.
WARNING: [Synth 8-3332] Sequential element (\SingleCycleCPUBasys/pc/curPC_reg[24] ) is unused and will be removed from module showCPU.
WARNING: [Synth 8-3332] Sequential element (\SingleCycleCPUBasys/pc/curPC_reg[23] ) is unused and will be removed from module showCPU.
WARNING: [Synth 8-3332] Sequential element (\SingleCycleCPUBasys/pc/curPC_reg[22] ) is unused and will be removed from module showCPU.
WARNING: [Synth 8-3332] Sequential element (\SingleCycleCPUBasys/pc/curPC_reg[21] ) is unused and will be removed from module showCPU.
WARNING: [Synth 8-3332] Sequential element (\SingleCycleCPUBasys/pc/curPC_reg[20] ) is unused and will be removed from module showCPU.
WARNING: [Synth 8-3332] Sequential element (\SingleCycleCPUBasys/pc/curPC_reg[19] ) is unused and will be removed from module showCPU.
WARNING: [Synth 8-3332] Sequential element (\SingleCycleCPUBasys/pc/curPC_reg[18] ) is unused and will be removed from module showCPU.
WARNING: [Synth 8-3332] Sequential element (\SingleCycleCPUBasys/pc/curPC_reg[17] ) is unused and will be removed from module showCPU.
WARNING: [Synth 8-3332] Sequential element (\SingleCycleCPUBasys/pc/curPC_reg[16] ) is unused and will be removed from module showCPU.
WARNING: [Synth 8-3332] Sequential element (\SingleCycleCPUBasys/pc/curPC_reg[15] ) is unused and will be removed from module showCPU.
WARNING: [Synth 8-3332] Sequential element (\SingleCycleCPUBasys/pc/curPC_reg[14] ) is unused and will be removed from module showCPU.
WARNING: [Synth 8-3332] Sequential element (\SingleCycleCPUBasys/pc/curPC_reg[13] ) is unused and will be removed from module showCPU.
WARNING: [Synth 8-3332] Sequential element (\SingleCycleCPUBasys/pc/curPC_reg[12] ) is unused and will be removed from module showCPU.
WARNING: [Synth 8-3332] Sequential element (\SingleCycleCPUBasys/pc/curPC_reg[11] ) is unused and will be removed from module showCPU.
WARNING: [Synth 8-3332] Sequential element (\SingleCycleCPUBasys/pc/curPC_reg[10] ) is unused and will be removed from module showCPU.
WARNING: [Synth 8-3332] Sequential element (\SingleCycleCPUBasys/pc/curPC_reg[9] ) is unused and will be removed from module showCPU.
WARNING: [Synth 8-3332] Sequential element (\SingleCycleCPUBasys/pc/curPC_reg[8] ) is unused and will be removed from module showCPU.
WARNING: [Synth 8-3332] Sequential element (\SingleCycleCPUBasys/pc/curPC_reg[0] ) is unused and will be removed from module showCPU.
WARNING: [Synth 8-3332] Sequential element (\refresh_counter_reg[21] ) is unused and will be removed from module showCPU.
WARNING: [Synth 8-3332] Sequential element (\refresh_counter_reg[22] ) is unused and will be removed from module showCPU.
WARNING: [Synth 8-3332] Sequential element (\refresh_counter_reg[23] ) is unused and will be removed from module showCPU.
WARNING: [Synth 8-3332] Sequential element (\refresh_counter_reg[24] ) is unused and will be removed from module showCPU.
WARNING: [Synth 8-3332] Sequential element (\refresh_counter_reg[25] ) is unused and will be removed from module showCPU.
WARNING: [Synth 8-3332] Sequential element (\refresh_counter_reg[26] ) is unused and will be removed from module showCPU.
---------------------------------------------------------------------------------
Start Area Optimization
---------------------------------------------------------------------------------
---------------------------------------------------------------------------------
Finished Area Optimization : Time (s): cpu = 00:00:17 ; elapsed = 00:00:18 . Memory (MB): peak = 591.590 ; gain = 379.012
---------------------------------------------------------------------------------
Finished Parallel Area Optimization  : Time (s): cpu = 00:00:17 ; elapsed = 00:00:18 . Memory (MB): peak = 591.590 ; gain = 379.012

Report RTL Partitions: 
+-+--------------+------------+----------+
| |RTL Partition |Replication |Instances |
+-+--------------+------------+----------+
+-+--------------+------------+----------+
Finished Parallel Synthesis Optimization  : Time (s): cpu = 00:00:17 ; elapsed = 00:00:18 . Memory (MB): peak = 591.590 ; gain = 379.012
---------------------------------------------------------------------------------
Start Timing Optimization
---------------------------------------------------------------------------------
---------------------------------------------------------------------------------
Start Applying XDC Timing Constraints
---------------------------------------------------------------------------------
---------------------------------------------------------------------------------
Finished Applying XDC Timing Constraints : Time (s): cpu = 00:00:26 ; elapsed = 00:00:27 . Memory (MB): peak = 597.770 ; gain = 385.191
---------------------------------------------------------------------------------
---------------------------------------------------------------------------------
Finished Timing Optimization : Time (s): cpu = 00:00:26 ; elapsed = 00:00:27 . Memory (MB): peak = 598.766 ; gain = 386.188
---------------------------------------------------------------------------------

Report RTL Partitions: 
+-+--------------+------------+----------+
| |RTL Partition |Replication |Instances |
+-+--------------+------------+----------+
+-+--------------+------------+----------+
---------------------------------------------------------------------------------
Start Technology Mapping
---------------------------------------------------------------------------------
---------------------------------------------------------------------------------
Finished Technology Mapping : Time (s): cpu = 00:00:34 ; elapsed = 00:00:38 . Memory (MB): peak = 733.965 ; gain = 521.387
---------------------------------------------------------------------------------

Report RTL Partitions: 
+-+--------------+------------+----------+
| |RTL Partition |Replication |Instances |
+-+--------------+------------+----------+
+-+--------------+------------+----------+
---------------------------------------------------------------------------------
Start IO Insertion
---------------------------------------------------------------------------------
---------------------------------------------------------------------------------
Start Final Netlist Cleanup
---------------------------------------------------------------------------------
---------------------------------------------------------------------------------
Finished Final Netlist Cleanup
---------------------------------------------------------------------------------
---------------------------------------------------------------------------------
Finished IO Insertion : Time (s): cpu = 00:00:34 ; elapsed = 00:00:39 . Memory (MB): peak = 733.965 ; gain = 521.387
---------------------------------------------------------------------------------

Report Check Netlist: 
+------+------------------+-------+---------+-------+------------------+
|      |Item              |Errors |Warnings |Status |Description       |
+------+------------------+-------+---------+-------+------------------+
|1     |multi_driven_nets |      0|        0|Passed |Multi driven nets |
+------+------------------+-------+---------+-------+------------------+
---------------------------------------------------------------------------------
Start Renaming Generated Instances
---------------------------------------------------------------------------------
---------------------------------------------------------------------------------
Finished Renaming Generated Instances : Time (s): cpu = 00:00:34 ; elapsed = 00:00:39 . Memory (MB): peak = 733.965 ; gain = 521.387
---------------------------------------------------------------------------------

Report RTL Partitions: 
+-+--------------+------------+----------+
| |RTL Partition |Replication |Instances |
+-+--------------+------------+----------+
+-+--------------+------------+----------+
---------------------------------------------------------------------------------
Start Rebuilding User Hierarchy
---------------------------------------------------------------------------------
---------------------------------------------------------------------------------
Finished Rebuilding User Hierarchy : Time (s): cpu = 00:00:34 ; elapsed = 00:00:39 . Memory (MB): peak = 733.965 ; gain = 521.387
---------------------------------------------------------------------------------
---------------------------------------------------------------------------------
Start Renaming Generated Ports : Time (s): cpu = 00:00:34 ; elapsed = 00:00:39 . Memory (MB): peak = 733.965 ; gain = 521.387
---------------------------------------------------------------------------------
---------------------------------------------------------------------------------
Finished Renaming Generated Ports : Time (s): cpu = 00:00:36 ; elapsed = 00:00:40 . Memory (MB): peak = 733.965 ; gain = 521.387
---------------------------------------------------------------------------------
---------------------------------------------------------------------------------
Start Writing Synthesis Report
---------------------------------------------------------------------------------

Report BlackBoxes: 
+-+--------------+----------+
| |BlackBox name |Instances |
+-+--------------+----------+
+-+--------------+----------+

Report Cell Usage: 
+------+-------+------+
|      |Cell   |Count |
+------+-------+------+
|1     |BUFG   |     2|
|2     |CARRY4 |    58|
|3     |LUT1   |    33|
|4     |LUT2   |   125|
|5     |LUT3   |   192|
|6     |LUT4   |   129|
|7     |LUT5   |   452|
|8     |LUT6   |  1065|
|9     |MUXF7  |    80|
|10    |MUXF8  |    16|
|11    |RAM32M |    12|
|12    |FDCE   |    14|
|13    |FDRE   |    24|
|14    |LD     |   298|
|15    |IBUF   |     5|
|16    |OBUF   |    11|
+------+-------+------+

Report Instance Areas: 
+------+----------------------+--------------------+------+
|      |Instance              |Module              |Cells |
+------+----------------------+--------------------+------+
|1     |top                   |                    |  2516|
|2     |  Debounce            |Debounce            |     5|
|3     |  SingleCycleCPUBasys |SingleCycleCPUBasys |  2441|
|4     |    ControlUnit       |ControlUnit         |   620|
|5     |    DataMEM           |DataMEM             |   847|
|6     |    InsMEM            |InsMEM              |    71|
|7     |    RegisterFile      |RegisterFile        |   814|
|8     |    alu               |ALU                 |    20|
|9     |    pc                |PC                  |    52|
|10    |    pcAdd             |pcAdd               |    17|
+------+----------------------+--------------------+------+
---------------------------------------------------------------------------------
Finished Writing Synthesis Report : Time (s): cpu = 00:00:36 ; elapsed = 00:00:40 . Memory (MB): peak = 733.965 ; gain = 521.387
---------------------------------------------------------------------------------
Synthesis finished with 0 errors, 0 critical warnings and 131 warnings.
Synthesis Optimization Runtime : Time (s): cpu = 00:00:30 ; elapsed = 00:00:36 . Memory (MB): peak = 733.965 ; gain = 204.285
Synthesis Optimization Complete : Time (s): cpu = 00:00:36 ; elapsed = 00:00:40 . Memory (MB): peak = 733.965 ; gain = 521.387
INFO: [Project 1-571] Translating synthesized netlist
INFO: [Netlist 29-17] Analyzing 373 Unisim elements for replacement
INFO: [Netlist 29-28] Unisim Transformation completed in 0 CPU seconds
INFO: [Project 1-570] Preparing netlist for logic optimization
INFO: [Opt 31-138] Pushed 1 inverter(s) to 7 load pin(s).
INFO: [Project 1-111] Unisim Transformation Summary:
  A total of 310 instances were transformed.
  LD => LDCE: 298 instances
  RAM32M => RAM32M (RAMD32, RAMD32, RAMD32, RAMD32, RAMD32, RAMD32, RAMS32, RAMS32): 12 instances

INFO: [Common 17-83] Releasing license: Synthesis
148 Infos, 136 Warnings, 0 Critical Warnings and 0 Errors encountered.
synth_design completed successfully
synth_design: Time (s): cpu = 00:00:36 ; elapsed = 00:00:40 . Memory (MB): peak = 733.965 ; gain = 511.223
report_utilization: Time (s): cpu = 00:00:00 ; elapsed = 00:00:00.050 . Memory (MB): peak = 733.965 ; gain = 0.000
INFO: [Common 17-206] Exiting Vivado at Fri May 25 18:52:37 2018...
